gyp info it worked if it ends with ok
gyp info using node-gyp@10.1.0
gyp info using node@18.17.1 | linux | x64
gyp info find Python using Python version 3.11.4 found at "/usr/bin/python3"
gyp info spawn /usr/bin/python3
gyp info spawn args [
gyp info spawn args '/home/kalyanak/.nvm/versions/node/v18.17.1/lib/node_modules/npm/node_modules/node-gyp/gyp/gyp_main.py',
gyp info spawn args 'binding.gyp',
gyp info spawn args '-f',
gyp info spawn args 'make',
gyp info spawn args '-I',
gyp info spawn args '/home/kalyanak/ionic/frenly-server/node_modules/mongo-client/node_modules/bson/build/config.gypi',
gyp info spawn args '-I',
gyp info spawn args '/home/kalyanak/.nvm/versions/node/v18.17.1/lib/node_modules/npm/node_modules/node-gyp/addon.gypi',
gyp info spawn args '-I',
gyp info spawn args '/home/kalyanak/.cache/node-gyp/18.17.1/include/node/common.gypi',
gyp info spawn args '-Dlibrary=shared_library',
gyp info spawn args '-Dvisibility=default',
gyp info spawn args '-Dnode_root_dir=/home/kalyanak/.cache/node-gyp/18.17.1',
gyp info spawn args '-Dnode_gyp_dir=/home/kalyanak/.nvm/versions/node/v18.17.1/lib/node_modules/npm/node_modules/node-gyp',
gyp info spawn args '-Dnode_lib_file=/home/kalyanak/.cache/node-gyp/18.17.1/<(target_arch)/node.lib',
gyp info spawn args '-Dmodule_root_dir=/home/kalyanak/ionic/frenly-server/node_modules/mongo-client/node_modules/bson',
gyp info spawn args '-Dnode_engine=v8',
gyp info spawn args '--depth=.',
gyp info spawn args '--no-parallel',
gyp info spawn args '--generator-output',
gyp info spawn args 'build',
gyp info spawn args '-Goutput_dir=.'
gyp info spawn args ]
gyp info spawn make
gyp info spawn args [ 'BUILDTYPE=Release', '-C', 'build' ]
In file included from ../ext/bson.cc:35:
../ext/bson.h:51:32: error: ‘Handle’ has not been declared
   51 |         static void Initialize(Handle<Object> target);
      |                                ^~~~~~
../ext/bson.h:51:38: error: expected ‘,’ or ‘...’ before ‘<’ token
   51 |         static void Initialize(Handle<Object> target);
      |                                      ^
../ext/bson.h:52:16: error: ‘Handle’ does not name a type
   52 |         static Handle<Value> BSONDeserializeStream(const Arguments &args);
      |                ^~~~~~
../ext/bson.h:55:16: error: ‘Handle’ does not name a type
   55 |         static Handle<Value> BSONSerialize(const Arguments &args);
      |                ^~~~~~
../ext/bson.h:56:16: error: ‘Handle’ does not name a type
   56 |         static Handle<Value> BSONDeserialize(const Arguments &args);
      |                ^~~~~~
../ext/bson.h:59:16: error: ‘Handle’ does not name a type
   59 |         static Handle<Value> CalculateObjectSize(const Arguments &args);
      |                ^~~~~~
../ext/bson.h:60:16: error: ‘Handle’ does not name a type
   60 |         static Handle<Value> SerializeWithBufferAndIndex(const Arguments &args);
      |                ^~~~~~
../ext/bson.h:66:16: error: ‘Handle’ does not name a type
   66 |         static Handle<Value> New(const Arguments &args);
      |                ^~~~~~
../ext/bson.h:67:16: error: ‘Handle’ does not name a type
   67 |         static Handle<Value> deserialize(BSON *bson, char *data, uint32_t dataLength, uint32_t startIndex, bool is_array_item);
      |                ^~~~~~
../ext/bson.h:115:48: error: ‘Handle’ does not name a type
  115 |         Local<Object> GetSerializeObject(const Handle<Value>& object);
      |                                                ^~~~~~
../ext/bson.h:115:54: error: expected ‘,’ or ‘...’ before ‘<’ token
  115 |         Local<Object> GetSerializeObject(const Handle<Value>& object);
      |                                                      ^
../ext/bson.h:129:33: error: ‘Handle’ does not name a type
  129 |         void    WriteByte(const Handle<Object>&, const Handle<String>&) { ++count; }
      |                                 ^~~~~~
../ext/bson.h:129:39: error: expected ‘,’ or ‘...’ before ‘<’ token
  129 |         void    WriteByte(const Handle<Object>&, const Handle<String>&) { ++count; }
      |                                       ^
../ext/bson.h:129:17: error: ‘void CountStream::WriteByte(int)’ cannot be overloaded with ‘void CountStream::WriteByte(int)’
  129 |         void    WriteByte(const Handle<Object>&, const Handle<String>&) { ++count; }
      |                 ^~~~~~~~~
../ext/bson.h:128:17: note: previous declaration ‘void CountStream::WriteByte(int)’
  128 |         void    WriteByte(int value)                                                                    { ++count; }
      |                 ^~~~~~~~~
../ext/bson.h:130:33: error: ‘Handle’ does not name a type
  130 |         void    WriteBool(const Handle<Value>& value)                                   { ++count; }
      |                                 ^~~~~~
../ext/bson.h:130:39: error: expected ‘,’ or ‘...’ before ‘<’ token
  130 |         void    WriteBool(const Handle<Value>& value)                                   { ++count; }
      |                                       ^
../ext/bson.h:132:34: error: ‘Handle’ does not name a type
  132 |         void    WriteInt32(const Handle<Value>& value)                                  { count += 4; }
      |                                  ^~~~~~
../ext/bson.h:132:40: error: expected ‘,’ or ‘...’ before ‘<’ token
  132 |         void    WriteInt32(const Handle<Value>& value)                                  { count += 4; }
      |                                        ^
../ext/bson.h:132:17: error: ‘void CountStream::WriteInt32(int)’ cannot be overloaded with ‘void CountStream::WriteInt32(int32_t)’
  132 |         void    WriteInt32(const Handle<Value>& value)                                  { count += 4; }
      |                 ^~~~~~~~~~
../ext/bson.h:131:17: note: previous declaration ‘void CountStream::WriteInt32(int32_t)’
  131 |         void    WriteInt32(int32_t value)                                                               { count += 4; }
      |                 ^~~~~~~~~~
../ext/bson.h:133:34: error: ‘Handle’ does not name a type
  133 |         void    WriteInt32(const Handle<Object>& object, const Handle<String>& key) { count += 4; }
      |                                  ^~~~~~
../ext/bson.h:133:40: error: expected ‘,’ or ‘...’ before ‘<’ token
  133 |         void    WriteInt32(const Handle<Object>& object, const Handle<String>& key) { count += 4; }
      |                                        ^
../ext/bson.h:133:17: error: ‘void CountStream::WriteInt32(int)’ cannot be overloaded with ‘void CountStream::WriteInt32(int32_t)’
  133 |         void    WriteInt32(const Handle<Object>& object, const Handle<String>& key) { count += 4; }
      |                 ^~~~~~~~~~
../ext/bson.h:131:17: note: previous declaration ‘void CountStream::WriteInt32(int32_t)’
  131 |         void    WriteInt32(int32_t value)                                                               { count += 4; }
      |                 ^~~~~~~~~~
../ext/bson.h:135:34: error: ‘Handle’ does not name a type
  135 |         void    WriteInt64(const Handle<Value>& value)                                  { count += 8; }
      |                                  ^~~~~~
../ext/bson.h:135:40: error: expected ‘,’ or ‘...’ before ‘<’ token
  135 |         void    WriteInt64(const Handle<Value>& value)                                  { count += 8; }
      |                                        ^
../ext/bson.h:137:35: error: ‘Handle’ does not name a type
  137 |         void    WriteDouble(const Handle<Value>& value)                                 { count += 8; }
      |                                   ^~~~~~
../ext/bson.h:137:41: error: expected ‘,’ or ‘...’ before ‘<’ token
  137 |         void    WriteDouble(const Handle<Value>& value)                                 { count += 8; }
      |                                         ^
../ext/bson.h:138:35: error: ‘Handle’ does not name a type
  138 |         void    WriteDouble(const Handle<Object>&, const Handle<String>&) { count += 8; }
      |                                   ^~~~~~
../ext/bson.h:138:41: error: expected ‘,’ or ‘...’ before ‘<’ token
  138 |         void    WriteDouble(const Handle<Object>&, const Handle<String>&) { count += 8; }
      |                                         ^
../ext/bson.h:138:17: error: ‘void CountStream::WriteDouble(int)’ cannot be overloaded with ‘void CountStream::WriteDouble(int)’
  138 |         void    WriteDouble(const Handle<Object>&, const Handle<String>&) { count += 8; }
      |                 ^~~~~~~~~~~
../ext/bson.h:137:17: note: previous declaration ‘void CountStream::WriteDouble(int)’
  137 |         void    WriteDouble(const Handle<Value>& value)                                 { count += 8; }
      |                 ^~~~~~~~~~~
../ext/bson.h:141:37: error: ‘Handle’ does not name a type
  141 |         void    WriteObjectId(const Handle<Object>& object, const Handle<String>& key)                          { count += 12; }
      |                                     ^~~~~~
../ext/bson.h:141:43: error: expected ‘,’ or ‘...’ before ‘<’ token
  141 |         void    WriteObjectId(const Handle<Object>& object, const Handle<String>& key)                          { count += 12; }
      |                                           ^
../ext/bson.h: In member function ‘void CountStream::WriteLengthPrefixedString(const v8::Local<v8::String>&)’:
../ext/bson.h:140:101: error: no matching function for call to ‘v8::String::Utf8Length()’
  140 |         void    WriteLengthPrefixedString(const Local<String>& value)   { count += value->Utf8Length()+5; }
      |                                                                                    ~~~~~~~~~~~~~~~~~^~
In file included from /home/kalyanak/.cache/node-gyp/18.17.1/include/node/v8-object.h:11,
                 from /home/kalyanak/.cache/node-gyp/18.17.1/include/node/v8-array-buffer.h:13,
                 from /home/kalyanak/.cache/node-gyp/18.17.1/include/node/v8.h:24,
                 from ../ext/bson.cc:14:
/home/kalyanak/.cache/node-gyp/18.17.1/include/node/v8-primitive.h:142:7: note: candidate: ‘int v8::String::Utf8Length(v8::Isolate*) const’
  142 |   int Utf8Length(Isolate* isolate) const;
      |       ^~~~~~~~~~
/home/kalyanak/.cache/node-gyp/18.17.1/include/node/v8-primitive.h:142:7: note:   candidate expects 1 argument, 0 provided
../ext/bson.h: In member function ‘void CountStream::WriteString(const v8::Local<v8::String>&)’:
../ext/bson.h:142:117: error: no matching function for call to ‘v8::String::Utf8Length()’
  142 |         void    WriteString(const Local<String>& value)                                 { count += value->Utf8Length() + 1; }   // This returns the number of bytes exclusive of the NULL terminator
      |                                                                                                    ~~~~~~~~~~~~~~~~~^~
/home/kalyanak/.cache/node-gyp/18.17.1/include/node/v8-primitive.h:142:7: note: candidate: ‘int v8::String::Utf8Length(v8::Isolate*) const’
  142 |   int Utf8Length(Isolate* isolate) const;
      |       ^~~~~~~~~~
/home/kalyanak/.cache/node-gyp/18.17.1/include/node/v8-primitive.h:142:7: note:   candidate expects 1 argument, 0 provided
../ext/bson.h: At global scope:
../ext/bson.h:165:33: error: ‘Handle’ does not name a type
  165 |         void    WriteByte(const Handle<Object>& object, const Handle<String>& key)      { *p++ = object->Get(key)->Int32Value(); }
      |                                 ^~~~~~
../ext/bson.h:165:39: error: expected ‘,’ or ‘...’ before ‘<’ token
  165 |         void    WriteByte(const Handle<Object>& object, const Handle<String>& key)      { *p++ = object->Get(key)->Int32Value(); }
      |                                       ^
../ext/bson.h:165:17: error: ‘void DataStream::WriteByte(int)’ cannot be overloaded with ‘void DataStream::WriteByte(int)’
  165 |         void    WriteByte(const Handle<Object>& object, const Handle<String>& key)      { *p++ = object->Get(key)->Int32Value(); }
      |                 ^~~~~~~~~
../ext/bson.h:164:17: note: previous declaration ‘void DataStream::WriteByte(int)’
  164 |         void    WriteByte(int value)                                                                    { *p++ = value; }
      |                 ^~~~~~~~~
../ext/bson.h:175:33: error: ‘Handle’ does not name a type
  175 |         void    WriteBool(const Handle<Value>& value)                                   { WriteByte(value->BooleanValue() ? 1 : 0); }
      |                                 ^~~~~~
../ext/bson.h:175:39: error: expected ‘,’ or ‘...’ before ‘<’ token
  175 |         void    WriteBool(const Handle<Value>& value)                                   { WriteByte(value->BooleanValue() ? 1 : 0); }
      |                                       ^
../ext/bson.h:176:34: error: ‘Handle’ does not name a type
  176 |         void    WriteInt32(const Handle<Value>& value)                                  { WriteInt32(value->Int32Value());                      }
      |                                  ^~~~~~
../ext/bson.h:176:40: error: expected ‘,’ or ‘...’ before ‘<’ token
  176 |         void    WriteInt32(const Handle<Value>& value)                                  { WriteInt32(value->Int32Value());                      }
      |                                        ^
../ext/bson.h:176:17: error: ‘void DataStream::WriteInt32(int)’ cannot be overloaded with ‘void DataStream::WriteInt32(int32_t)’
  176 |         void    WriteInt32(const Handle<Value>& value)                                  { WriteInt32(value->Int32Value());                      }
      |                 ^~~~~~~~~~
../ext/bson.h:167:17: note: previous declaration ‘void DataStream::WriteInt32(int32_t)’
  167 |         void    WriteInt32(int32_t value)                                                               { *reinterpret_cast<int32_t*>(p) = value; p += 4; }
      |                 ^~~~~~~~~~
../ext/bson.h:177:34: error: ‘Handle’ does not name a type
  177 |         void    WriteInt32(const Handle<Object>& object, const Handle<String>& key) { WriteInt32(object->Get(key)); }
      |                                  ^~~~~~
../ext/bson.h:177:40: error: expected ‘,’ or ‘...’ before ‘<’ token
  177 |         void    WriteInt32(const Handle<Object>& object, const Handle<String>& key) { WriteInt32(object->Get(key)); }
      |                                        ^
../ext/bson.h:177:17: error: ‘void DataStream::WriteInt32(int)’ cannot be overloaded with ‘void DataStream::WriteInt32(int32_t)’
  177 |         void    WriteInt32(const Handle<Object>& object, const Handle<String>& key) { WriteInt32(object->Get(key)); }
      |                 ^~~~~~~~~~
../ext/bson.h:167:17: note: previous declaration ‘void DataStream::WriteInt32(int32_t)’
  167 |         void    WriteInt32(int32_t value)                                                               { *reinterpret_cast<int32_t*>(p) = value; p += 4; }
      |                 ^~~~~~~~~~
../ext/bson.h:178:34: error: ‘Handle’ does not name a type
  178 |         void    WriteInt64(const Handle<Value>& value)                                  { WriteInt64(value->IntegerValue());            }
      |                                  ^~~~~~
../ext/bson.h:178:40: error: expected ‘,’ or ‘...’ before ‘<’ token
  178 |         void    WriteInt64(const Handle<Value>& value)                                  { WriteInt64(value->IntegerValue());            }
      |                                        ^
../ext/bson.h:179:35: error: ‘Handle’ does not name a type
  179 |         void    WriteDouble(const Handle<Value>& value)                                 { WriteDouble(value->NumberValue());            }
      |                                   ^~~~~~
../ext/bson.h:179:41: error: expected ‘,’ or ‘...’ before ‘<’ token
  179 |         void    WriteDouble(const Handle<Value>& value)                                 { WriteDouble(value->NumberValue());            }
      |                                         ^
../ext/bson.h:180:35: error: ‘Handle’ does not name a type
  180 |         void    WriteDouble(const Handle<Object>& object, const Handle<String>& key) { WriteDouble(object->Get(key)); }
      |                                   ^~~~~~
../ext/bson.h:180:41: error: expected ‘,’ or ‘...’ before ‘<’ token
  180 |         void    WriteDouble(const Handle<Object>& object, const Handle<String>& key) { WriteDouble(object->Get(key)); }
      |                                         ^
../ext/bson.h:180:17: error: ‘void DataStream::WriteDouble(int)’ cannot be overloaded with ‘void DataStream::WriteDouble(int)’
  180 |         void    WriteDouble(const Handle<Object>& object, const Handle<String>& key) { WriteDouble(object->Get(key)); }
      |                 ^~~~~~~~~~~
../ext/bson.h:179:17: note: previous declaration ‘void DataStream::WriteDouble(int)’
  179 |         void    WriteDouble(const Handle<Value>& value)                                 { WriteDouble(value->NumberValue());            }
      |                 ^~~~~~~~~~~
../ext/bson.h:183:37: error: ‘Handle’ does not name a type
  183 |         void    WriteObjectId(const Handle<Object>& object, const Handle<String>& key);
      |                                     ^~~~~~
../ext/bson.h:183:43: error: expected ‘,’ or ‘...’ before ‘<’ token
  183 |         void    WriteObjectId(const Handle<Object>& object, const Handle<String>& key);
      |                                           ^
../ext/bson.h: In member function ‘void DataStream::WriteByte(int)’:
../ext/bson.h:165:98: error: ‘object’ was not declared in this scope
  165 |         void    WriteByte(const Handle<Object>& object, const Handle<String>& key)      { *p++ = object->Get(key)->Int32Value(); }
      |                                                                                                  ^~~~~~
../ext/bson.h:165:110: error: ‘key’ was not declared in this scope; did you mean ‘key_t’?
  165 |         void    WriteByte(const Handle<Object>& object, const Handle<String>& key)      { *p++ = object->Get(key)->Int32Value(); }
      |                                                                                                              ^~~
      |                                                                                                              key_t
../ext/bson.h: In member function ‘void DataStream::WriteBool(int)’:
../ext/bson.h:175:101: error: ‘value’ was not declared in this scope
  175 |         void    WriteBool(const Handle<Value>& value)                                   { WriteByte(value->BooleanValue() ? 1 : 0); }
      |                                                                                                     ^~~~~
../ext/bson.h: In member function ‘void DataStream::WriteInt32(int)’:
../ext/bson.h:176:102: error: ‘value’ was not declared in this scope
  176 |         void    WriteInt32(const Handle<Value>& value)                                  { WriteInt32(value->Int32Value());                      }
      |                                                                                                      ^~~~~
../ext/bson.h: In member function ‘void DataStream::WriteInt32(int)’:
../ext/bson.h:177:98: error: ‘object’ was not declared in this scope
  177 |         void    WriteInt32(const Handle<Object>& object, const Handle<String>& key) { WriteInt32(object->Get(key)); }
      |                                                                                                  ^~~~~~
../ext/bson.h:177:110: error: ‘key’ was not declared in this scope; did you mean ‘key_t’?
  177 |         void    WriteInt32(const Handle<Object>& object, const Handle<String>& key) { WriteInt32(object->Get(key)); }
      |                                                                                                              ^~~
      |                                                                                                              key_t
../ext/bson.h: In member function ‘void DataStream::WriteInt64(int)’:
../ext/bson.h:178:102: error: ‘value’ was not declared in this scope
  178 |         void    WriteInt64(const Handle<Value>& value)                                  { WriteInt64(value->IntegerValue());            }
      |                                                                                                      ^~~~~
../ext/bson.h: In member function ‘void DataStream::WriteDouble(int)’:
../ext/bson.h:179:103: error: ‘value’ was not declared in this scope
  179 |         void    WriteDouble(const Handle<Value>& value)                                 { WriteDouble(value->NumberValue());            }
      |                                                                                                       ^~~~~
../ext/bson.h: In member function ‘void DataStream::WriteDouble(int)’:
../ext/bson.h:180:100: error: ‘object’ was not declared in this scope
  180 |         void    WriteDouble(const Handle<Object>& object, const Handle<String>& key) { WriteDouble(object->Get(key)); }
      |                                                                                                    ^~~~~~
../ext/bson.h:180:112: error: ‘key’ was not declared in this scope; did you mean ‘key_t’?
  180 |         void    WriteDouble(const Handle<Object>& object, const Handle<String>& key) { WriteDouble(object->Get(key)); }
      |                                                                                                                ^~~
      |                                                                                                                key_t
../ext/bson.h: In member function ‘void DataStream::WriteLengthPrefixedString(const v8::Local<v8::String>&)’:
../ext/bson.h:182:103: error: no matching function for call to ‘v8::String::Utf8Length()’
  182 |         void    WriteLengthPrefixedString(const Local<String>& value)   { WriteInt32(value->Utf8Length()+1); WriteString(value); }
      |                                                                                      ~~~~~~~~~~~~~~~~~^~
/home/kalyanak/.cache/node-gyp/18.17.1/include/node/v8-primitive.h:142:7: note: candidate: ‘int v8::String::Utf8Length(v8::Isolate*) const’
  142 |   int Utf8Length(Isolate* isolate) const;
      |       ^~~~~~~~~~
/home/kalyanak/.cache/node-gyp/18.17.1/include/node/v8-primitive.h:142:7: note:   candidate expects 1 argument, 0 provided
../ext/bson.h: In member function ‘void DataStream::WriteString(const v8::Local<v8::String>&)’:
../ext/bson.h:184:112: error: no matching function for call to ‘v8::String::WriteUtf8(char*&)’
  184 |         void    WriteString(const Local<String>& value)                                 { p += value->WriteUtf8(p); }           // This returns the number of bytes inclusive of the NULL terminator.
      |                                                                                                ~~~~~~~~~~~~~~~~^~~
/home/kalyanak/.cache/node-gyp/18.17.1/include/node/v8-primitive.h:202:7: note: candidate: ‘int v8::String::WriteUtf8(v8::Isolate*, char*, int, int*, int) const’
  202 |   int WriteUtf8(Isolate* isolate, char* buffer, int length = -1,
      |       ^~~~~~~~~
/home/kalyanak/.cache/node-gyp/18.17.1/include/node/v8-primitive.h:202:7: note:   candidate expects 5 arguments, 1 provided
../ext/bson.h: At global scope:
../ext/bson.h:215:38: error: ‘Handle’ does not name a type
  215 |         void SerializeDocument(const Handle<Value>& value);
      |                                      ^~~~~~
../ext/bson.h:215:44: error: expected ‘,’ or ‘...’ before ‘<’ token
  215 |         void SerializeDocument(const Handle<Value>& value);
      |                                            ^
../ext/bson.h:216:35: error: ‘Handle’ does not name a type
  216 |         void SerializeArray(const Handle<Value>& value);
      |                                   ^~~~~~
../ext/bson.h:216:41: error: expected ‘,’ or ‘...’ before ‘<’ token
  216 |         void SerializeArray(const Handle<Value>& value);
      |                                         ^
../ext/bson.h:217:55: error: ‘Handle’ does not name a type
  217 |         void SerializeValue(void* typeLocation, const Handle<Value>& value);
      |                                                       ^~~~~~
../ext/bson.h:217:61: error: expected ‘,’ or ‘...’ before ‘<’ token
  217 |         void SerializeValue(void* typeLocation, const Handle<Value>& value);
      |                                                             ^
../ext/bson.h:233:9: error: ‘Handle’ does not name a type
  233 |         Handle<Value> DeserializeDocument();
      |         ^~~~~~
../ext/bson.h:258:9: error: ‘Handle’ does not name a type
  258 |         Handle<Value> DeserializeArray();
      |         ^~~~~~
../ext/bson.h:259:9: error: ‘Handle’ does not name a type
  259 |         Handle<Value> DeserializeValue(BsonType type);
      |         ^~~~~~
../ext/bson.h:260:9: error: ‘Handle’ does not name a type
  260 |         Handle<Value> DeserializeDocumentInternal();
      |         ^~~~~~
../ext/bson.h:261:9: error: ‘Handle’ does not name a type
  261 |         Handle<Value> DeserializeArrayInternal();
      |         ^~~~~~
../ext/bson.cc:42:38: error: ‘Handle’ does not name a type
   42 | void DataStream::WriteObjectId(const Handle<Object>& object, const Handle<String>& key)
      |                                      ^~~~~~
../ext/bson.cc:42:44: error: expected ‘,’ or ‘...’ before ‘<’ token
   42 | void DataStream::WriteObjectId(const Handle<Object>& object, const Handle<String>& key)
      |                                            ^
../ext/bson.cc: In member function ‘void DataStream::WriteObjectId(int)’:
../ext/bson.cc:45:9: error: ‘object’ was not declared in this scope
   45 |         object->Get(key)->ToString()->Write(buffer, 0, 12);
      |         ^~~~~~
../ext/bson.cc:45:21: error: ‘key’ was not declared in this scope; did you mean ‘key_t’?
   45 |         object->Get(key)->ToString()->Write(buffer, 0, 12);
      |                     ^~~
      |                     key_t
../ext/bson.cc: In member function ‘void DataStream::CheckKey(const v8::Local<v8::String>&)’:
../ext/bson.cc:65:47: error: no matching function for call to ‘v8::String::Utf8Length()’
   65 |         size_t keyLength = keyName->Utf8Length();
      |                            ~~~~~~~~~~~~~~~~~~~^~
/home/kalyanak/.cache/node-gyp/18.17.1/include/node/v8-primitive.h:142:7: note: candidate: ‘int v8::String::Utf8Length(v8::Isolate*) const’
  142 |   int Utf8Length(Isolate* isolate) const;
      |       ^~~~~~~~~~
/home/kalyanak/.cache/node-gyp/18.17.1/include/node/v8-primitive.h:142:7: note:   candidate expects 1 argument, 0 provided
../ext/bson.cc:69:27: error: no matching function for call to ‘v8::String::WriteUtf8(char*&)’
   69 |         keyName->WriteUtf8(keyStringBuffer);
      |         ~~~~~~~~~~~~~~~~~~^~~~~~~~~~~~~~~~~
/home/kalyanak/.cache/node-gyp/18.17.1/include/node/v8-primitive.h:202:7: note: candidate: ‘int v8::String::WriteUtf8(v8::Isolate*, char*, int, int*, int) const’
  202 |   int WriteUtf8(Isolate* isolate, char* buffer, int length = -1,
      |       ^~~~~~~~~
/home/kalyanak/.cache/node-gyp/18.17.1/include/node/v8-primitive.h:202:7: note:   candidate expects 5 arguments, 1 provided
../ext/bson.cc: At global scope:
../ext/bson.cc:82:70: error: ‘Handle’ does not name a type
   82 | template<typename T> void BSONSerializer<T>::SerializeDocument(const Handle<Value>& value)
      |                                                                      ^~~~~~
../ext/bson.cc:82:76: error: expected ‘,’ or ‘...’ before ‘<’ token
   82 | template<typename T> void BSONSerializer<T>::SerializeDocument(const Handle<Value>& value)
      |                                                                            ^
../ext/bson.cc: In member function ‘void BSONSerializer<T>::SerializeDocument(int)’:
../ext/bson.cc:85:57: error: ‘value’ was not declared in this scope
   85 |         Local<Object> object = bson->GetSerializeObject(value);
      |                                                         ^~~~~
../ext/bson.cc:91:61: error: no matching function for call to ‘v8::Object::GetOwnPropertyNames()’
   91 |     Local<Array> propertyNames = object->GetOwnPropertyNames();
      |                                  ~~~~~~~~~~~~~~~~~~~~~~~~~~~^~
/home/kalyanak/.cache/node-gyp/18.17.1/include/node/v8-object.h:410:43: note: candidate: ‘v8::MaybeLocal<v8::Array> v8::Object::GetOwnPropertyNames(v8::Local<v8::Context>)’
  410 |   V8_WARN_UNUSED_RESULT MaybeLocal<Array> GetOwnPropertyNames(
      |                                           ^~~~~~~~~~~~~~~~~~~
/home/kalyanak/.cache/node-gyp/18.17.1/include/node/v8-object.h:410:43: note:   candidate expects 1 argument, 0 provided
/home/kalyanak/.cache/node-gyp/18.17.1/include/node/v8-object.h:419:43: note: candidate: ‘v8::MaybeLocal<v8::Array> v8::Object::GetOwnPropertyNames(v8::Local<v8::Context>, v8::PropertyFilter, v8::KeyConversionMode)’
  419 |   V8_WARN_UNUSED_RESULT MaybeLocal<Array> GetOwnPropertyNames(
      |                                           ^~~~~~~~~~~~~~~~~~~
/home/kalyanak/.cache/node-gyp/18.17.1/include/node/v8-object.h:419:43: note:   candidate expects 3 arguments, 0 provided
../ext/bson.cc:98:71: error: no matching function for call to ‘v8::Array::Get(int&)’
   98 |                 const Local<String>& propertyName = propertyNames->Get(i)->ToString();
      |                                                     ~~~~~~~~~~~~~~~~~~^~~
/home/kalyanak/.cache/node-gyp/18.17.1/include/node/v8-object.h:290:43: note: candidate: ‘v8::MaybeLocal<v8::Value> v8::Object::Get(v8::Local<v8::Context>, v8::Local<v8::Value>)’
  290 |   V8_WARN_UNUSED_RESULT MaybeLocal<Value> Get(Local<Context> context,
      |                                           ^~~
/home/kalyanak/.cache/node-gyp/18.17.1/include/node/v8-object.h:290:43: note:   candidate expects 2 arguments, 1 provided
/home/kalyanak/.cache/node-gyp/18.17.1/include/node/v8-object.h:293:43: note: candidate: ‘v8::MaybeLocal<v8::Value> v8::Object::Get(v8::Local<v8::Context>, uint32_t)’
  293 |   V8_WARN_UNUSED_RESULT MaybeLocal<Value> Get(Local<Context> context,
      |                                           ^~~
/home/kalyanak/.cache/node-gyp/18.17.1/include/node/v8-object.h:293:43: note:   candidate expects 2 arguments, 1 provided
../ext/bson.cc:101:64: error: no matching function for call to ‘v8::Object::Get(const v8::Local<v8::String>&)’
  101 |                 const Local<Value>& propertyValue = object->Get(propertyName);
      |                                                     ~~~~~~~~~~~^~~~~~~~~~~~~~
/home/kalyanak/.cache/node-gyp/18.17.1/include/node/v8-object.h:290:43: note: candidate: ‘v8::MaybeLocal<v8::Value> v8::Object::Get(v8::Local<v8::Context>, v8::Local<v8::Value>)’
  290 |   V8_WARN_UNUSED_RESULT MaybeLocal<Value> Get(Local<Context> context,
      |                                           ^~~
/home/kalyanak/.cache/node-gyp/18.17.1/include/node/v8-object.h:290:43: note:   candidate expects 2 arguments, 1 provided
/home/kalyanak/.cache/node-gyp/18.17.1/include/node/v8-object.h:293:43: note: candidate: ‘v8::MaybeLocal<v8::Value> v8::Object::Get(v8::Local<v8::Context>, uint32_t)’
  293 |   V8_WARN_UNUSED_RESULT MaybeLocal<Value> Get(Local<Context> context,
      |                                           ^~~
/home/kalyanak/.cache/node-gyp/18.17.1/include/node/v8-object.h:293:43: note:   candidate expects 2 arguments, 1 provided
../ext/bson.cc: At global scope:
../ext/bson.cc:115:67: error: ‘Handle’ does not name a type
  115 | template<typename T> void BSONSerializer<T>::SerializeArray(const Handle<Value>& value)
      |                                                                   ^~~~~~
../ext/bson.cc:115:73: error: expected ‘,’ or ‘...’ before ‘<’ token
  115 | template<typename T> void BSONSerializer<T>::SerializeArray(const Handle<Value>& value)
      |                                                                         ^
../ext/bson.cc: In member function ‘void BSONSerializer<T>::SerializeArray(int)’:
../ext/bson.cc:119:49: error: ‘value’ was not declared in this scope
  119 |         Local<Array> array = Local<Array>::Cast(value->ToObject());
      |                                                 ^~~~~
../ext/bson.cc:126:56: error: no matching function for call to ‘v8::Array::Get(uint32_t&)’
  126 |                 SerializeValue(typeLocation, array->Get(i));
      |                                              ~~~~~~~~~~^~~
/home/kalyanak/.cache/node-gyp/18.17.1/include/node/v8-object.h:290:43: note: candidate: ‘v8::MaybeLocal<v8::Value> v8::Object::Get(v8::Local<v8::Context>, v8::Local<v8::Value>)’
  290 |   V8_WARN_UNUSED_RESULT MaybeLocal<Value> Get(Local<Context> context,
      |                                           ^~~
/home/kalyanak/.cache/node-gyp/18.17.1/include/node/v8-object.h:290:43: note:   candidate expects 2 arguments, 1 provided
/home/kalyanak/.cache/node-gyp/18.17.1/include/node/v8-object.h:293:43: note: candidate: ‘v8::MaybeLocal<v8::Value> v8::Object::Get(v8::Local<v8::Context>, uint32_t)’
  293 |   V8_WARN_UNUSED_RESULT MaybeLocal<Value> Get(Local<Context> context,
      |                                           ^~~
/home/kalyanak/.cache/node-gyp/18.17.1/include/node/v8-object.h:293:43: note:   candidate expects 2 arguments, 1 provided
../ext/bson.cc: At global scope:
../ext/bson.cc:136:87: error: ‘Handle’ does not name a type
  136 | template<typename T> void BSONSerializer<T>::SerializeValue(void* typeLocation, const Handle<Value>& value)
      |                                                                                       ^~~~~~
../ext/bson.cc:136:93: error: expected ‘,’ or ‘...’ before ‘<’ token
  136 | template<typename T> void BSONSerializer<T>::SerializeValue(void* typeLocation, const Handle<Value>& value)
      |                                                                                             ^
../ext/bson.cc: In member function ‘void BSONSerializer<T>::SerializeValue(void*, int)’:
../ext/bson.cc:138:12: error: ‘value’ was not declared in this scope
  138 |         if(value->IsNumber())
      |            ^~~~~
../ext/bson.cc:176:23: error: ‘Handle’ does not name a type
  176 |                 const Handle<RegExp>& regExp = Handle<RegExp>::Cast(value);
      |                       ^~~~~~
../ext/bson.cc:178:35: error: ‘regExp’ was not declared in this scope
  178 |                 this->WriteString(regExp->GetSource());
      |                                   ^~~~~~
../ext/bson.cc:194:31: error: no matching function for call to ‘v8::Object::Has(v8::Persistent<v8::String>&)’
  194 |                 if(object->Has(bson->_bsontypeString))
      |                    ~~~~~~~~~~~^~~~~~~~~~~~~~~~~~~~~~~
/home/kalyanak/.cache/node-gyp/18.17.1/include/node/v8-object.h:325:37: note: candidate: ‘v8::Maybe<bool> v8::Object::Has(v8::Local<v8::Context>, v8::Local<v8::Value>)’
  325 |   V8_WARN_UNUSED_RESULT Maybe<bool> Has(Local<Context> context,
      |                                     ^~~
/home/kalyanak/.cache/node-gyp/18.17.1/include/node/v8-object.h:325:37: note:   candidate expects 2 arguments, 1 provided
/home/kalyanak/.cache/node-gyp/18.17.1/include/node/v8-object.h:331:37: note: candidate: ‘v8::Maybe<bool> v8::Object::Has(v8::Local<v8::Context>, uint32_t)’
  331 |   V8_WARN_UNUSED_RESULT Maybe<bool> Has(Local<Context> context, uint32_t index);
      |                                     ^~~
/home/kalyanak/.cache/node-gyp/18.17.1/include/node/v8-object.h:331:37: note:   candidate expects 2 arguments, 1 provided
../ext/bson.cc:197:44: error: base operand of ‘->’ has non-pointer type ‘v8::Persistent<v8::String>’
  197 |                         if(bson->longString->StrictEquals(constructorString))
      |                                            ^~
../ext/bson.cc:203:54: error: base operand of ‘->’ has non-pointer type ‘v8::Persistent<v8::String>’
  203 |                         else if(bson->timestampString->StrictEquals(constructorString))
      |                                                      ^~
../ext/bson.cc:209:53: error: base operand of ‘->’ has non-pointer type ‘v8::Persistent<v8::String>’
  209 |                         else if(bson->objectIDString->StrictEquals(constructorString))
      |                                                     ^~
../ext/bson.cc:214:51: error: base operand of ‘->’ has non-pointer type ‘v8::Persistent<v8::String>’
  214 |                         else if(bson->binaryString->StrictEquals(constructorString))
      |                                                   ^~
../ext/bson.cc:218:62: error: no matching function for call to ‘v8::Object::Get(v8::Persistent<v8::String>&)’
  218 |                                 uint32_t length = object->Get(bson->_binaryPositionString)->Uint32Value();
      |                                                   ~~~~~~~~~~~^~~~~~~~~~~~~~~~~~~~~~~~~~~~~
/home/kalyanak/.cache/node-gyp/18.17.1/include/node/v8-object.h:290:43: note: candidate: ‘v8::MaybeLocal<v8::Value> v8::Object::Get(v8::Local<v8::Context>, v8::Local<v8::Value>)’
  290 |   V8_WARN_UNUSED_RESULT MaybeLocal<Value> Get(Local<Context> context,
      |                                           ^~~
/home/kalyanak/.cache/node-gyp/18.17.1/include/node/v8-object.h:290:43: note:   candidate expects 2 arguments, 1 provided
/home/kalyanak/.cache/node-gyp/18.17.1/include/node/v8-object.h:293:43: note: candidate: ‘v8::MaybeLocal<v8::Value> v8::Object::Get(v8::Local<v8::Context>, uint32_t)’
  293 |   V8_WARN_UNUSED_RESULT MaybeLocal<Value> Get(Local<Context> context,
      |                                           ^~~
/home/kalyanak/.cache/node-gyp/18.17.1/include/node/v8-object.h:293:43: note:   candidate expects 2 arguments, 1 provided
../ext/bson.cc:219:70: error: no matching function for call to ‘v8::Object::Get(v8::Persistent<v8::String>&)’
  219 |                                 Local<Object> bufferObj = object->Get(bson->_binaryBufferString)->ToObject();
      |                                                           ~~~~~~~~~~~^~~~~~~~~~~~~~~~~~~~~~~~~~~
/home/kalyanak/.cache/node-gyp/18.17.1/include/node/v8-object.h:290:43: note: candidate: ‘v8::MaybeLocal<v8::Value> v8::Object::Get(v8::Local<v8::Context>, v8::Local<v8::Value>)’
  290 |   V8_WARN_UNUSED_RESULT MaybeLocal<Value> Get(Local<Context> context,
      |                                           ^~~
/home/kalyanak/.cache/node-gyp/18.17.1/include/node/v8-object.h:290:43: note:   candidate expects 2 arguments, 1 provided
/home/kalyanak/.cache/node-gyp/18.17.1/include/node/v8-object.h:293:43: note: candidate: ‘v8::MaybeLocal<v8::Value> v8::Object::Get(v8::Local<v8::Context>, uint32_t)’
  293 |   V8_WARN_UNUSED_RESULT MaybeLocal<Value> Get(Local<Context> context,
      |                                           ^~~
/home/kalyanak/.cache/node-gyp/18.17.1/include/node/v8-object.h:293:43: note:   candidate expects 2 arguments, 1 provided
../ext/bson.cc:224:47: error: no matching function for call to ‘v8::Object::Get(v8::Persistent<v8::String>&)’
  224 |                                 if(object->Get(bson->_binarySubTypeString)->Int32Value() == 0x02) {
      |                                    ~~~~~~~~~~~^~~~~~~~~~~~~~~~~~~~~~~~~~~~
/home/kalyanak/.cache/node-gyp/18.17.1/include/node/v8-object.h:290:43: note: candidate: ‘v8::MaybeLocal<v8::Value> v8::Object::Get(v8::Local<v8::Context>, v8::Local<v8::Value>)’
  290 |   V8_WARN_UNUSED_RESULT MaybeLocal<Value> Get(Local<Context> context,
      |                                           ^~~
/home/kalyanak/.cache/node-gyp/18.17.1/include/node/v8-object.h:290:43: note:   candidate expects 2 arguments, 1 provided
/home/kalyanak/.cache/node-gyp/18.17.1/include/node/v8-object.h:293:43: note: candidate: ‘v8::MaybeLocal<v8::Value> v8::Object::Get(v8::Local<v8::Context>, uint32_t)’
  293 |   V8_WARN_UNUSED_RESULT MaybeLocal<Value> Get(Local<Context> context,
      |                                           ^~~
/home/kalyanak/.cache/node-gyp/18.17.1/include/node/v8-object.h:293:43: note:   candidate expects 2 arguments, 1 provided
../ext/bson.cc:230:51: error: base operand of ‘->’ has non-pointer type ‘v8::Persistent<v8::String>’
  230 |                         else if(bson->doubleString->StrictEquals(constructorString))
      |                                                   ^~
../ext/bson.cc:235:51: error: base operand of ‘->’ has non-pointer type ‘v8::Persistent<v8::String>’
  235 |                         else if(bson->symbolString->StrictEquals(constructorString))
      |                                                   ^~
../ext/bson.cc:238:76: error: no matching function for call to ‘v8::Object::Get(v8::Persistent<v8::String>&)’
  238 |                                 this->WriteLengthPrefixedString(object->Get(bson->_symbolValueString)->ToString());
      |                                                                 ~~~~~~~~~~~^~~~~~~~~~~~~~~~~~~~~~~~~~
/home/kalyanak/.cache/node-gyp/18.17.1/include/node/v8-object.h:290:43: note: candidate: ‘v8::MaybeLocal<v8::Value> v8::Object::Get(v8::Local<v8::Context>, v8::Local<v8::Value>)’
  290 |   V8_WARN_UNUSED_RESULT MaybeLocal<Value> Get(Local<Context> context,
      |                                           ^~~
/home/kalyanak/.cache/node-gyp/18.17.1/include/node/v8-object.h:290:43: note:   candidate expects 2 arguments, 1 provided
/home/kalyanak/.cache/node-gyp/18.17.1/include/node/v8-object.h:293:43: note: candidate: ‘v8::MaybeLocal<v8::Value> v8::Object::Get(v8::Local<v8::Context>, uint32_t)’
  293 |   V8_WARN_UNUSED_RESULT MaybeLocal<Value> Get(Local<Context> context,
      |                                           ^~~
/home/kalyanak/.cache/node-gyp/18.17.1/include/node/v8-object.h:293:43: note:   candidate expects 2 arguments, 1 provided
../ext/bson.cc:240:49: error: base operand of ‘->’ has non-pointer type ‘v8::Persistent<v8::String>’
  240 |                         else if(bson->codeString->StrictEquals(constructorString))
      |                                                 ^~
../ext/bson.cc:242:76: error: no matching function for call to ‘v8::Object::Get(v8::Persistent<v8::String>&)’
  242 |                                 const Local<String>& function = object->Get(bson->_codeCodeString)->ToString();
      |                                                                 ~~~~~~~~~~~^~~~~~~~~~~~~~~~~~~~~~~
/home/kalyanak/.cache/node-gyp/18.17.1/include/node/v8-object.h:290:43: note: candidate: ‘v8::MaybeLocal<v8::Value> v8::Object::Get(v8::Local<v8::Context>, v8::Local<v8::Value>)’
  290 |   V8_WARN_UNUSED_RESULT MaybeLocal<Value> Get(Local<Context> context,
      |                                           ^~~
/home/kalyanak/.cache/node-gyp/18.17.1/include/node/v8-object.h:290:43: note:   candidate expects 2 arguments, 1 provided
/home/kalyanak/.cache/node-gyp/18.17.1/include/node/v8-object.h:293:43: note: candidate: ‘v8::MaybeLocal<v8::Value> v8::Object::Get(v8::Local<v8::Context>, uint32_t)’
  293 |   V8_WARN_UNUSED_RESULT MaybeLocal<Value> Get(Local<Context> context,
      |                                           ^~~
/home/kalyanak/.cache/node-gyp/18.17.1/include/node/v8-object.h:293:43: note:   candidate expects 2 arguments, 1 provided
../ext/bson.cc:243:73: error: no matching function for call to ‘v8::Object::Get(v8::Persistent<v8::String>&)’
  243 |                                 const Local<Object>& scope = object->Get(bson->_codeScopeString)->ToObject();
      |                                                              ~~~~~~~~~~~^~~~~~~~~~~~~~~~~~~~~~~~
/home/kalyanak/.cache/node-gyp/18.17.1/include/node/v8-object.h:290:43: note: candidate: ‘v8::MaybeLocal<v8::Value> v8::Object::Get(v8::Local<v8::Context>, v8::Local<v8::Value>)’
  290 |   V8_WARN_UNUSED_RESULT MaybeLocal<Value> Get(Local<Context> context,
      |                                           ^~~
/home/kalyanak/.cache/node-gyp/18.17.1/include/node/v8-object.h:290:43: note:   candidate expects 2 arguments, 1 provided
/home/kalyanak/.cache/node-gyp/18.17.1/include/node/v8-object.h:293:43: note: candidate: ‘v8::MaybeLocal<v8::Value> v8::Object::Get(v8::Local<v8::Context>, uint32_t)’
  293 |   V8_WARN_UNUSED_RESULT MaybeLocal<Value> Get(Local<Context> context,
      |                                           ^~~
/home/kalyanak/.cache/node-gyp/18.17.1/include/node/v8-object.h:293:43: note:   candidate expects 2 arguments, 1 provided
../ext/bson.cc:249:73: error: no matching function for call to ‘v8::Object::GetOwnPropertyNames()’
  249 |                 uint32_t propertyNameLength = scope->GetOwnPropertyNames()->Length();
      |                                               ~~~~~~~~~~~~~~~~~~~~~~~~~~^~
/home/kalyanak/.cache/node-gyp/18.17.1/include/node/v8-object.h:410:43: note: candidate: ‘v8::MaybeLocal<v8::Array> v8::Object::GetOwnPropertyNames(v8::Local<v8::Context>)’
  410 |   V8_WARN_UNUSED_RESULT MaybeLocal<Array> GetOwnPropertyNames(
      |                                           ^~~~~~~~~~~~~~~~~~~
/home/kalyanak/.cache/node-gyp/18.17.1/include/node/v8-object.h:410:43: note:   candidate expects 1 argument, 0 provided
/home/kalyanak/.cache/node-gyp/18.17.1/include/node/v8-object.h:419:43: note: candidate: ‘v8::MaybeLocal<v8::Array> v8::Object::GetOwnPropertyNames(v8::Local<v8::Context>, v8::PropertyFilter, v8::KeyConversionMode)’
  419 |   V8_WARN_UNUSED_RESULT MaybeLocal<Array> GetOwnPropertyNames(
      |                                           ^~~~~~~~~~~~~~~~~~~
/home/kalyanak/.cache/node-gyp/18.17.1/include/node/v8-object.h:419:43: note:   candidate expects 3 arguments, 0 provided
../ext/bson.cc:256:91: error: no matching function for call to ‘v8::String::ToString()’
  256 |                                         this->WriteLengthPrefixedString(function->ToString());
      |                                                                         ~~~~~~~~~~~~~~~~~~^~
In file included from /home/kalyanak/.cache/node-gyp/18.17.1/include/node/v8-primitive.h:11:
/home/kalyanak/.cache/node-gyp/18.17.1/include/node/v8-value.h:360:44: note: candidate: ‘v8::MaybeLocal<v8::String> v8::Value::ToString(v8::Local<v8::Context>) const’
  360 |   V8_WARN_UNUSED_RESULT MaybeLocal<String> ToString(
      |                                            ^~~~~~~~
/home/kalyanak/.cache/node-gyp/18.17.1/include/node/v8-value.h:360:44: note:   candidate expects 1 argument, 0 provided
../ext/bson.cc:263:91: error: no matching function for call to ‘v8::String::ToString()’
  263 |                                         this->WriteLengthPrefixedString(function->ToString());
      |                                                                         ~~~~~~~~~~~~~~~~~~^~
/home/kalyanak/.cache/node-gyp/18.17.1/include/node/v8-value.h:360:44: note: candidate: ‘v8::MaybeLocal<v8::String> v8::Value::ToString(v8::Local<v8::Context>) const’
  360 |   V8_WARN_UNUSED_RESULT MaybeLocal<String> ToString(
      |                                            ^~~~~~~~
/home/kalyanak/.cache/node-gyp/18.17.1/include/node/v8-value.h:360:44: note:   candidate expects 1 argument, 0 provided
../ext/bson.cc:266:50: error: base operand of ‘->’ has non-pointer type ‘v8::Persistent<v8::String>’
  266 |                         else if(bson->dbrefString->StrictEquals(constructorString))
      |                                                  ^~
../ext/bson.cc:274:68: error: no matching function for call to ‘v8::Object::Get(v8::Persistent<v8::String>&)’
  274 |                                 SerializeValue(refType, object->Get(bson->_dbRefNamespaceString));
      |                                                         ~~~~~~~~~~~^~~~~~~~~~~~~~~~~~~~~~~~~~~~~
/home/kalyanak/.cache/node-gyp/18.17.1/include/node/v8-object.h:290:43: note: candidate: ‘v8::MaybeLocal<v8::Value> v8::Object::Get(v8::Local<v8::Context>, v8::Local<v8::Value>)’
  290 |   V8_WARN_UNUSED_RESULT MaybeLocal<Value> Get(Local<Context> context,
      |                                           ^~~
/home/kalyanak/.cache/node-gyp/18.17.1/include/node/v8-object.h:290:43: note:   candidate expects 2 arguments, 1 provided
/home/kalyanak/.cache/node-gyp/18.17.1/include/node/v8-object.h:293:43: note: candidate: ‘v8::MaybeLocal<v8::Value> v8::Object::Get(v8::Local<v8::Context>, uint32_t)’
  293 |   V8_WARN_UNUSED_RESULT MaybeLocal<Value> Get(Local<Context> context,
      |                                           ^~~
/home/kalyanak/.cache/node-gyp/18.17.1/include/node/v8-object.h:293:43: note:   candidate expects 2 arguments, 1 provided
../ext/bson.cc:278:67: error: no matching function for call to ‘v8::Object::Get(v8::Persistent<v8::String>&)’
  278 |                                 SerializeValue(idType, object->Get(bson->_dbRefOidString));
      |                                                        ~~~~~~~~~~~^~~~~~~~~~~~~~~~~~~~~~~
/home/kalyanak/.cache/node-gyp/18.17.1/include/node/v8-object.h:290:43: note: candidate: ‘v8::MaybeLocal<v8::Value> v8::Object::Get(v8::Local<v8::Context>, v8::Local<v8::Value>)’
  290 |   V8_WARN_UNUSED_RESULT MaybeLocal<Value> Get(Local<Context> context,
      |                                           ^~~
/home/kalyanak/.cache/node-gyp/18.17.1/include/node/v8-object.h:290:43: note:   candidate expects 2 arguments, 1 provided
/home/kalyanak/.cache/node-gyp/18.17.1/include/node/v8-object.h:293:43: note: candidate: ‘v8::MaybeLocal<v8::Value> v8::Object::Get(v8::Local<v8::Context>, uint32_t)’
  293 |   V8_WARN_UNUSED_RESULT MaybeLocal<Value> Get(Local<Context> context,
      |                                           ^~~
/home/kalyanak/.cache/node-gyp/18.17.1/include/node/v8-object.h:293:43: note:   candidate expects 2 arguments, 1 provided
../ext/bson.cc:280:77: error: no matching function for call to ‘v8::Object::Get(v8::Persistent<v8::String>&)’
  280 |                                 const Local<Value>& refDbValue = object->Get(bson->_dbRefDbString);
      |                                                                  ~~~~~~~~~~~^~~~~~~~~~~~~~~~~~~~~~
/home/kalyanak/.cache/node-gyp/18.17.1/include/node/v8-object.h:290:43: note: candidate: ‘v8::MaybeLocal<v8::Value> v8::Object::Get(v8::Local<v8::Context>, v8::Local<v8::Value>)’
  290 |   V8_WARN_UNUSED_RESULT MaybeLocal<Value> Get(Local<Context> context,
      |                                           ^~~
/home/kalyanak/.cache/node-gyp/18.17.1/include/node/v8-object.h:290:43: note:   candidate expects 2 arguments, 1 provided
/home/kalyanak/.cache/node-gyp/18.17.1/include/node/v8-object.h:293:43: note: candidate: ‘v8::MaybeLocal<v8::Value> v8::Object::Get(v8::Local<v8::Context>, uint32_t)’
  293 |   V8_WARN_UNUSED_RESULT MaybeLocal<Value> Get(Local<Context> context,
      |                                           ^~~
/home/kalyanak/.cache/node-gyp/18.17.1/include/node/v8-object.h:293:43: note:   candidate expects 2 arguments, 1 provided
../ext/bson.cc:291:51: error: base operand of ‘->’ has non-pointer type ‘v8::Persistent<v8::String>’
  291 |                         else if(bson->minKeyString->StrictEquals(constructorString))
      |                                                   ^~
../ext/bson.cc:295:51: error: base operand of ‘->’ has non-pointer type ‘v8::Persistent<v8::String>’
  295 |                         else if(bson->maxKeyString->StrictEquals(constructorString))
      |                                                   ^~
../ext/bson.cc: In member function ‘v8::Local<v8::String> BSONDeserializer::ReadCString()’:
../ext/bson.cc:352:24: error: ‘New’ is not a member of ‘v8::String’
  352 |         return String::New(start, (int32_t) (p-start-1) );
      |                        ^~~
../ext/bson.cc: In member function ‘v8::Local<v8::String> BSONDeserializer::ReadString()’:
../ext/bson.cc:387:24: error: ‘New’ is not a member of ‘v8::String’
  387 |         return String::New(start, length-1);
      |                        ^~~
../ext/bson.cc: In member function ‘v8::Local<v8::String> BSONDeserializer::ReadObjectId()’:
../ext/bson.cc:397:24: error: ‘New’ is not a member of ‘v8::String’
  397 |         return String::New(objectId, 12);
      |                        ^~~
../ext/bson.cc: At global scope:
../ext/bson.cc:400:1: error: ‘Handle’ does not name a type
  400 | Handle<Value> BSONDeserializer::DeserializeDocument()
      | ^~~~~~
../ext/bson.cc:409:1: error: ‘Handle’ does not name a type
  409 | Handle<Value> BSONDeserializer::DeserializeDocumentInternal()
      | ^~~~~~
../ext/bson.cc:435:1: error: ‘Handle’ does not name a type
  435 | Handle<Value> BSONDeserializer::DeserializeArray()
      | ^~~~~~
../ext/bson.cc:444:1: error: ‘Handle’ does not name a type
  444 | Handle<Value> BSONDeserializer::DeserializeArrayInternal()
      | ^~~~~~
../ext/bson.cc:460:1: error: ‘Handle’ does not name a type
  460 | Handle<Value> BSONDeserializer::DeserializeValue(BsonType type)
      | ^~~~~~
../ext/bson.cc:584:8: error: ‘Handle’ does not name a type
  584 | static Handle<Value> VException(const char *msg)
      |        ^~~~~~
../ext/bson.cc: In constructor ‘BSON::BSON()’:
../ext/bson.cc:595:59: error: ‘New’ is not a member of ‘v8::String’
  595 |         _bsontypeString = Persistent<String>::New(String::New("_bsontype"));
      |                                                           ^~~
../ext/bson.cc:596:58: error: ‘New’ is not a member of ‘v8::String’
  596 |         _longLowString = Persistent<String>::New(String::New("low_"));
      |                                                          ^~~
../ext/bson.cc:597:59: error: ‘New’ is not a member of ‘v8::String’
  597 |         _longHighString = Persistent<String>::New(String::New("high_"));
      |                                                           ^~~
../ext/bson.cc:598:61: error: ‘New’ is not a member of ‘v8::String’
  598 |         _objectIDidString = Persistent<String>::New(String::New("id"));
      |                                                             ^~~
../ext/bson.cc:599:65: error: ‘New’ is not a member of ‘v8::String’
  599 |         _binaryPositionString = Persistent<String>::New(String::New("position"));
      |                                                                 ^~~
../ext/bson.cc:600:64: error: ‘New’ is not a member of ‘v8::String’
  600 |         _binarySubTypeString = Persistent<String>::New(String::New("sub_type"));
      |                                                                ^~~
../ext/bson.cc:601:63: error: ‘New’ is not a member of ‘v8::String’
  601 |         _binaryBufferString = Persistent<String>::New(String::New("buffer"));
      |                                                               ^~~
../ext/bson.cc:602:62: error: ‘New’ is not a member of ‘v8::String’
  602 |         _doubleValueString = Persistent<String>::New(String::New("value"));
      |                                                              ^~~
../ext/bson.cc:603:62: error: ‘New’ is not a member of ‘v8::String’
  603 |         _symbolValueString = Persistent<String>::New(String::New("value"));
      |                                                              ^~~
../ext/bson.cc:604:59: error: ‘New’ is not a member of ‘v8::String’
  604 |         _dbRefRefString = Persistent<String>::New(String::New("$ref"));
      |                                                           ^~~
../ext/bson.cc:605:61: error: ‘New’ is not a member of ‘v8::String’
  605 |         _dbRefIdRefString = Persistent<String>::New(String::New("$id"));
      |                                                             ^~~
../ext/bson.cc:606:61: error: ‘New’ is not a member of ‘v8::String’
  606 |         _dbRefDbRefString = Persistent<String>::New(String::New("$db"));
      |                                                             ^~~
../ext/bson.cc:607:65: error: ‘New’ is not a member of ‘v8::String’
  607 |         _dbRefNamespaceString = Persistent<String>::New(String::New("namespace"));
      |                                                                 ^~~
../ext/bson.cc:608:58: error: ‘New’ is not a member of ‘v8::String’
  608 |         _dbRefDbString = Persistent<String>::New(String::New("db"));
      |                                                          ^~~
../ext/bson.cc:609:59: error: ‘New’ is not a member of ‘v8::String’
  609 |         _dbRefOidString = Persistent<String>::New(String::New("oid"));
      |                                                           ^~~
../ext/bson.cc:610:59: error: ‘New’ is not a member of ‘v8::String’
  610 |         _codeCodeString = Persistent<String>::New(String::New("code"));
      |                                                           ^~~
../ext/bson.cc:611:60: error: ‘New’ is not a member of ‘v8::String’
  611 |         _codeScopeString = Persistent<String>::New(String::New("scope"));
      |                                                            ^~~
../ext/bson.cc:612:57: error: ‘New’ is not a member of ‘v8::String’
  612 |         _toBSONString = Persistent<String>::New(String::New("toBSON"));
      |                                                         ^~~
../ext/bson.cc:614:54: error: ‘New’ is not a member of ‘v8::String’
  614 |         longString = Persistent<String>::New(String::New("Long"));
      |                                                      ^~~
../ext/bson.cc:615:58: error: ‘New’ is not a member of ‘v8::String’
  615 |         objectIDString = Persistent<String>::New(String::New("ObjectID"));
      |                                                          ^~~
../ext/bson.cc:616:56: error: ‘New’ is not a member of ‘v8::String’
  616 |         binaryString = Persistent<String>::New(String::New("Binary"));
      |                                                        ^~~
../ext/bson.cc:617:54: error: ‘New’ is not a member of ‘v8::String’
  617 |         codeString = Persistent<String>::New(String::New("Code"));
      |                                                      ^~~
../ext/bson.cc:618:55: error: ‘New’ is not a member of ‘v8::String’
  618 |         dbrefString = Persistent<String>::New(String::New("DBRef"));
      |                                                       ^~~
../ext/bson.cc:619:56: error: ‘New’ is not a member of ‘v8::String’
  619 |         symbolString = Persistent<String>::New(String::New("Symbol"));
      |                                                        ^~~
../ext/bson.cc:620:56: error: ‘New’ is not a member of ‘v8::String’
  620 |         doubleString = Persistent<String>::New(String::New("Double"));
      |                                                        ^~~
../ext/bson.cc:621:59: error: ‘New’ is not a member of ‘v8::String’
  621 |         timestampString = Persistent<String>::New(String::New("Timestamp"));
      |                                                           ^~~
../ext/bson.cc:622:56: error: ‘New’ is not a member of ‘v8::String’
  622 |         minKeyString = Persistent<String>::New(String::New("MinKey"));
      |                                                        ^~~
../ext/bson.cc:623:56: error: ‘New’ is not a member of ‘v8::String’
  623 |         maxKeyString = Persistent<String>::New(String::New("MaxKey"));
      |                                                        ^~~
../ext/bson.cc: At global scope:
../ext/bson.cc:626:6: error: variable or field ‘Initialize’ declared void
  626 | void BSON::Initialize(v8::Handle<v8::Object> target)
      |      ^~~~
../ext/bson.cc:626:27: error: ‘Handle’ is not a member of ‘v8’; did you mean ‘JobHandle’?
  626 | void BSON::Initialize(v8::Handle<v8::Object> target)
      |                           ^~~~~~
      |                           JobHandle
../ext/bson.cc:626:44: error: expected primary-expression before ‘>’ token
  626 | void BSON::Initialize(v8::Handle<v8::Object> target)
      |                                            ^
../ext/bson.cc:626:46: error: ‘target’ was not declared in this scope
  626 | void BSON::Initialize(v8::Handle<v8::Object> target)
      |                                              ^~~~~~
../ext/bson.cc:647:1: error: ‘Handle’ does not name a type
  647 | Handle<Value> BSON::New(const Arguments &args)
      | ^~~~~~
../ext/bson.cc:729:1: error: ‘Handle’ does not name a type
  729 | Handle<Value> BSON::BSONDeserialize(const Arguments &args)
      | ^~~~~~
../ext/bson.cc:803:46: error: ‘Handle’ does not name a type
  803 | Local<Object> BSON::GetSerializeObject(const Handle<Value>& argValue)
      |                                              ^~~~~~
../ext/bson.cc:803:52: error: expected ‘,’ or ‘...’ before ‘<’ token
  803 | Local<Object> BSON::GetSerializeObject(const Handle<Value>& argValue)
      |                                                    ^
../ext/bson.cc: In member function ‘v8::Local<v8::Object> BSON::GetSerializeObject(int)’:
../ext/bson.cc:805:32: error: ‘argValue’ was not declared in this scope
  805 |         Local<Object> object = argValue->ToObject();
      |                                ^~~~~~~~
../ext/bson.cc:806:23: error: no matching function for call to ‘v8::Object::Has(v8::Persistent<v8::String>&)’
  806 |         if(object->Has(_toBSONString))
      |            ~~~~~~~~~~~^~~~~~~~~~~~~~~
/home/kalyanak/.cache/node-gyp/18.17.1/include/node/v8-object.h:325:37: note: candidate: ‘v8::Maybe<bool> v8::Object::Has(v8::Local<v8::Context>, v8::Local<v8::Value>)’
  325 |   V8_WARN_UNUSED_RESULT Maybe<bool> Has(Local<Context> context,
      |                                     ^~~
/home/kalyanak/.cache/node-gyp/18.17.1/include/node/v8-object.h:325:37: note:   candidate expects 2 arguments, 1 provided
/home/kalyanak/.cache/node-gyp/18.17.1/include/node/v8-object.h:331:37: note: candidate: ‘v8::Maybe<bool> v8::Object::Has(v8::Local<v8::Context>, uint32_t)’
  331 |   V8_WARN_UNUSED_RESULT Maybe<bool> Has(Local<Context> context, uint32_t index);
      |                                     ^~~
/home/kalyanak/.cache/node-gyp/18.17.1/include/node/v8-object.h:331:37: note:   candidate expects 2 arguments, 1 provided
../ext/bson.cc:808:57: error: no matching function for call to ‘v8::Object::Get(v8::Persistent<v8::String>&)’
  808 |                 const Local<Value>& toBSON = object->Get(_toBSONString);
      |                                              ~~~~~~~~~~~^~~~~~~~~~~~~~~
/home/kalyanak/.cache/node-gyp/18.17.1/include/node/v8-object.h:290:43: note: candidate: ‘v8::MaybeLocal<v8::Value> v8::Object::Get(v8::Local<v8::Context>, v8::Local<v8::Value>)’
  290 |   V8_WARN_UNUSED_RESULT MaybeLocal<Value> Get(Local<Context> context,
      |                                           ^~~
/home/kalyanak/.cache/node-gyp/18.17.1/include/node/v8-object.h:290:43: note:   candidate expects 2 arguments, 1 provided
/home/kalyanak/.cache/node-gyp/18.17.1/include/node/v8-object.h:293:43: note: candidate: ‘v8::MaybeLocal<v8::Value> v8::Object::Get(v8::Local<v8::Context>, uint32_t)’
  293 |   V8_WARN_UNUSED_RESULT MaybeLocal<Value> Get(Local<Context> context,
      |                                           ^~~
/home/kalyanak/.cache/node-gyp/18.17.1/include/node/v8-object.h:293:43: note:   candidate expects 2 arguments, 1 provided
../ext/bson.cc:811:74: error: no matching function for call to ‘v8::Function::Call(v8::Local<v8::Object>&, int, NULL)’
  811 |                 Local<Value> result = Local<Function>::Cast(toBSON)->Call(object, 0, NULL);
      |                                       ~~~~~~~~~~~~~~~~~~~~~~~~~~~~~~~~~~~^~~~~~~~~~~~~~~~~
In file included from /home/kalyanak/.cache/node-gyp/18.17.1/include/node/v8.h:33:
/home/kalyanak/.cache/node-gyp/18.17.1/include/node/v8-function.h:55:43: note: candidate: ‘v8::MaybeLocal<v8::Value> v8::Function::Call(v8::Local<v8::Context>, v8::Local<v8::Value>, int, v8::Local<v8::Value>*)’
   55 |   V8_WARN_UNUSED_RESULT MaybeLocal<Value> Call(Local<Context> context,
      |                                           ^~~~
/home/kalyanak/.cache/node-gyp/18.17.1/include/node/v8-function.h:55:43: note:   candidate expects 4 arguments, 3 provided
../ext/bson.cc:813:40: error: no matching function for call to ‘v8::Value::ToObject()’
  813 |                 return result->ToObject();
      |                        ~~~~~~~~~~~~~~~~^~
/home/kalyanak/.cache/node-gyp/18.17.1/include/node/v8-value.h:372:44: note: candidate: ‘v8::MaybeLocal<v8::Object> v8::Value::ToObject(v8::Local<v8::Context>) const’
  372 |   V8_WARN_UNUSED_RESULT MaybeLocal<Object> ToObject(
      |                                            ^~~~~~~~
/home/kalyanak/.cache/node-gyp/18.17.1/include/node/v8-value.h:372:44: note:   candidate expects 1 argument, 0 provided
../ext/bson.cc: At global scope:
../ext/bson.cc:821:1: error: ‘Handle’ does not name a type
  821 | Handle<Value> BSON::BSONSerialize(const Arguments &args)
      | ^~~~~~
../ext/bson.cc:879:1: error: ‘Handle’ does not name a type
  879 | Handle<Value> BSON::CalculateObjectSize(const Arguments &args)
      | ^~~~~~
../ext/bson.cc:897:1: error: ‘Handle’ does not name a type
  897 | Handle<Value> BSON::SerializeWithBufferAndIndex(const Arguments &args)
      | ^~~~~~
../ext/bson.cc:938:1: error: ‘Handle’ does not name a type
  938 | Handle<Value> BSON::BSONDeserializeStream(const Arguments &args)
      | ^~~~~~
../ext/bson.cc:1000:17: error: variable or field ‘init’ declared void
 1000 | extern "C" void init(Handle<Object> target)
      |                 ^~~~
../ext/bson.cc:1000:22: error: ‘Handle’ was not declared in this scope
 1000 | extern "C" void init(Handle<Object> target)
      |                      ^~~~~~
../ext/bson.cc:1000:35: error: expected primary-expression before ‘>’ token
 1000 | extern "C" void init(Handle<Object> target)
      |                                   ^
../ext/bson.cc:1000:37: error: ‘target’ was not declared in this scope
 1000 | extern "C" void init(Handle<Object> target)
      |                                     ^~~~~~
In file included from ../ext/bson.cc:22:
/home/kalyanak/.cache/node-gyp/18.17.1/include/node/node.h:1014:7: warning: cast between incompatible function types from ‘void (*)(int)’ to ‘node::addon_register_func’ {aka ‘void (*)(v8::Local<v8::Object>, v8::Local<v8::Value>, void*)’} [-Wcast-function-type]
 1014 |       (node::addon_register_func) (regfunc),                          \
      |       ^~~~~~~~~~~~~~~~~~~~~~~~~~~~~~~~~~~~~
/home/kalyanak/.cache/node-gyp/18.17.1/include/node/node.h:1048:3: note: in expansion of macro ‘NODE_MODULE_X’
 1048 |   NODE_MODULE_X(modname, regfunc, NULL, 0)  // NOLINT (readability/null_usage)
      |   ^~~~~~~~~~~~~
../ext/bson.cc:1006:1: note: in expansion of macro ‘NODE_MODULE’
 1006 | NODE_MODULE(bson, BSON::Initialize);
      | ^~~~~~~~~~~
make: *** [bson.target.mk:109: Release/obj.target/bson/ext/bson.o] Error 1
gyp ERR! build error 
gyp ERR! stack Error: `make` failed with exit code: 2
gyp ERR! stack at ChildProcess.<anonymous> (/home/kalyanak/.nvm/versions/node/v18.17.1/lib/node_modules/npm/node_modules/node-gyp/lib/build.js:209:23)
gyp ERR! System Linux 6.2.0-39-generic
gyp ERR! command "/home/kalyanak/.nvm/versions/node/v18.17.1/bin/node" "/home/kalyanak/.nvm/versions/node/v18.17.1/lib/node_modules/npm/node_modules/node-gyp/bin/node-gyp.js" "rebuild"
gyp ERR! cwd /home/kalyanak/ionic/frenly-server/node_modules/mongo-client/node_modules/bson
gyp ERR! node -v v18.17.1
gyp ERR! node-gyp -v v10.1.0
gyp ERR! not ok 
